<?xml version="1.0" encoding="UTF-8"?>
<!-- Generated by org.testng.reporters.JUnitXMLReporter -->
<testsuite ignored="0" hostname="DESKTOP-L6I33ED" failures="0" tests="3" name="Default test" time="0.641" errors="0" timestamp="2023-07-02T03:51:25 IST">
  <testcase classname="test.EmployeeLeaveServiceTest" name="testCalculateLeavesTaken_NoLeaves" time="0.013"/>
  <testcase classname="test.EmployeeLeaveServiceTest" name="testCalculateLeavesTaken_PendingLeaves" time="0.006"/>
  <testcase classname="test.EmployeeLeaveServiceTest" name="testCalculateLeavesTaken_WithLeaves" time="0.001"/>
</testsuite> <!-- Default test -->
