<?xml version="1.0" encoding="UTF-8"?>
<!-- Generated by org.testng.reporters.JUnitXMLReporter -->
<testsuite ignored="0" hostname="PENNANT-VSP185" failures="0" tests="9" name="Default test" time="1.276" errors="0" timestamp="2023-07-01T17:47:46 IST">
  <testcase classname="test.ApplyPermissionDaoImplTest" name="testGetEmployeeAndPermissionRequestData" time="0.198"/>
  <testcase classname="test.ApplyPermissionDaoImplTest" name="testGetEmployeeAndPermissionRequestDataCountPerMonth" time="0.002"/>
  <testcase classname="test.ApplyPermissionDaoImplTest" name="testGetEmployeeAndPermissionRequestData_NoResult" time="0.005"/>
  <testcase classname="test.ApplyPermissionDaoImplTest" name="testGetEmployeeApprovedPermissionsCount" time="0.002"/>
  <testcase classname="test.ApplyPermissionDaoImplTest" name="testGetEmployeesByHRAndManager" time="0.088"/>
  <testcase classname="test.ApplyPermissionDaoImplTest" name="testGetNextPermissionIndex" time="0.03"/>
  <testcase classname="test.ApplyPermissionDaoImplTest" name="testGetPermissionByIdAndIndex" time="0.002"/>
  <testcase classname="test.ApplyPermissionDaoImplTest" name="testGetPermissionByIdAndIndex_NoResult" time="0.003"/>
  <testcase classname="test.ApplyPermissionDaoImplTest" name="testPersist" time="0.015"/>
</testsuite> <!-- Default test -->
