<?xml version="1.0" encoding="UTF-8"?>
<testng-results ignored="0" total="3" passed="3" failed="0" skipped="0">
  <reporter-output>
  </reporter-output>
  <suite started-at="2023-07-02T04:09:28 IST" name="Default suite" finished-at="2023-07-02T04:09:29 IST" duration-ms="607">
    <groups>
    </groups>
    <test started-at="2023-07-02T04:09:28 IST" name="Default test" finished-at="2023-07-02T04:09:29 IST" duration-ms="607">
      <class name="test.EmployeeLeaveServiceTest">
        <test-method is-config="true" signature="setup()[pri:0, instance:test.EmployeeLeaveServiceTest@a3d8174]" started-at="2023-07-02T04:09:29 IST" name="setup" finished-at="2023-07-02T04:09:29 IST" duration-ms="524" status="PASS">
          <reporter-output>
          </reporter-output>
        </test-method> <!-- setup -->
        <test-method signature="testCalculateLeavesTaken_NoLeaves()[pri:0, instance:test.EmployeeLeaveServiceTest@a3d8174]" started-at="2023-07-02T04:09:29 IST" name="testCalculateLeavesTaken_NoLeaves" finished-at="2023-07-02T04:09:29 IST" duration-ms="17" status="PASS">
          <reporter-output>
          </reporter-output>
        </test-method> <!-- testCalculateLeavesTaken_NoLeaves -->
        <test-method is-config="true" signature="setup()[pri:0, instance:test.EmployeeLeaveServiceTest@a3d8174]" started-at="2023-07-02T04:09:29 IST" name="setup" finished-at="2023-07-02T04:09:29 IST" duration-ms="0" status="PASS">
          <reporter-output>
          </reporter-output>
        </test-method> <!-- setup -->
        <test-method signature="testCalculateLeavesTaken_PendingLeaves()[pri:0, instance:test.EmployeeLeaveServiceTest@a3d8174]" started-at="2023-07-02T04:09:29 IST" name="testCalculateLeavesTaken_PendingLeaves" finished-at="2023-07-02T04:09:29 IST" duration-ms="5" status="PASS">
          <reporter-output>
          </reporter-output>
        </test-method> <!-- testCalculateLeavesTaken_PendingLeaves -->
        <test-method is-config="true" signature="setup()[pri:0, instance:test.EmployeeLeaveServiceTest@a3d8174]" started-at="2023-07-02T04:09:29 IST" name="setup" finished-at="2023-07-02T04:09:29 IST" duration-ms="1" status="PASS">
          <reporter-output>
          </reporter-output>
        </test-method> <!-- setup -->
        <test-method signature="testCalculateLeavesTaken_WithLeaves()[pri:0, instance:test.EmployeeLeaveServiceTest@a3d8174]" started-at="2023-07-02T04:09:29 IST" name="testCalculateLeavesTaken_WithLeaves" finished-at="2023-07-02T04:09:29 IST" duration-ms="2" status="PASS">
          <reporter-output>
          </reporter-output>
        </test-method> <!-- testCalculateLeavesTaken_WithLeaves -->
      </class> <!-- test.EmployeeLeaveServiceTest -->
    </test> <!-- Default test -->
  </suite> <!-- Default suite -->
</testng-results>
