<?xml version="1.0" encoding="UTF-8"?>
<testng-results ignored="0" total="9" passed="9" failed="0" skipped="0">
  <reporter-output>
  </reporter-output>
  <suite started-at="2023-07-01T17:47:45 IST" name="Default suite" finished-at="2023-07-01T17:47:46 IST" duration-ms="1276">
    <groups>
    </groups>
    <test started-at="2023-07-01T17:47:45 IST" name="Default test" finished-at="2023-07-01T17:47:46 IST" duration-ms="1276">
      <class name="test.ApplyPermissionDaoImplTest">
        <test-method is-config="true" signature="setUp()[pri:0, instance:test.ApplyPermissionDaoImplTest@4e096385]" started-at="2023-07-01T17:47:45 IST" name="setUp" finished-at="2023-07-01T17:47:46 IST" duration-ms="832" status="PASS">
          <reporter-output>
          </reporter-output>
        </test-method> <!-- setUp -->
        <test-method signature="testGetEmployeeAndPermissionRequestData()[pri:0, instance:test.ApplyPermissionDaoImplTest@4e096385]" started-at="2023-07-01T17:47:46 IST" name="testGetEmployeeAndPermissionRequestData" finished-at="2023-07-01T17:47:46 IST" duration-ms="198" status="PASS">
          <reporter-output>
          </reporter-output>
        </test-method> <!-- testGetEmployeeAndPermissionRequestData -->
        <test-method is-config="true" signature="setUp()[pri:0, instance:test.ApplyPermissionDaoImplTest@4e096385]" started-at="2023-07-01T17:47:46 IST" name="setUp" finished-at="2023-07-01T17:47:46 IST" duration-ms="1" status="PASS">
          <reporter-output>
          </reporter-output>
        </test-method> <!-- setUp -->
        <test-method signature="testGetEmployeeAndPermissionRequestDataCountPerMonth()[pri:0, instance:test.ApplyPermissionDaoImplTest@4e096385]" started-at="2023-07-01T17:47:46 IST" name="testGetEmployeeAndPermissionRequestDataCountPerMonth" finished-at="2023-07-01T17:47:46 IST" duration-ms="2" status="PASS">
          <reporter-output>
          </reporter-output>
        </test-method> <!-- testGetEmployeeAndPermissionRequestDataCountPerMonth -->
        <test-method is-config="true" signature="setUp()[pri:0, instance:test.ApplyPermissionDaoImplTest@4e096385]" started-at="2023-07-01T17:47:46 IST" name="setUp" finished-at="2023-07-01T17:47:46 IST" duration-ms="2" status="PASS">
          <reporter-output>
          </reporter-output>
        </test-method> <!-- setUp -->
        <test-method signature="testGetEmployeeAndPermissionRequestData_NoResult()[pri:0, instance:test.ApplyPermissionDaoImplTest@4e096385]" started-at="2023-07-01T17:47:46 IST" name="testGetEmployeeAndPermissionRequestData_NoResult" finished-at="2023-07-01T17:47:46 IST" duration-ms="5" status="PASS">
          <reporter-output>
          </reporter-output>
        </test-method> <!-- testGetEmployeeAndPermissionRequestData_NoResult -->
        <test-method is-config="true" signature="setUp()[pri:0, instance:test.ApplyPermissionDaoImplTest@4e096385]" started-at="2023-07-01T17:47:46 IST" name="setUp" finished-at="2023-07-01T17:47:46 IST" duration-ms="0" status="PASS">
          <reporter-output>
          </reporter-output>
        </test-method> <!-- setUp -->
        <test-method signature="testGetEmployeeApprovedPermissionsCount()[pri:0, instance:test.ApplyPermissionDaoImplTest@4e096385]" started-at="2023-07-01T17:47:46 IST" name="testGetEmployeeApprovedPermissionsCount" finished-at="2023-07-01T17:47:46 IST" duration-ms="2" status="PASS">
          <reporter-output>
          </reporter-output>
        </test-method> <!-- testGetEmployeeApprovedPermissionsCount -->
        <test-method is-config="true" signature="setUp()[pri:0, instance:test.ApplyPermissionDaoImplTest@4e096385]" started-at="2023-07-01T17:47:46 IST" name="setUp" finished-at="2023-07-01T17:47:46 IST" duration-ms="1" status="PASS">
          <reporter-output>
          </reporter-output>
        </test-method> <!-- setUp -->
        <test-method signature="testGetEmployeesByHRAndManager()[pri:0, instance:test.ApplyPermissionDaoImplTest@4e096385]" started-at="2023-07-01T17:47:46 IST" name="testGetEmployeesByHRAndManager" finished-at="2023-07-01T17:47:46 IST" duration-ms="88" status="PASS">
          <reporter-output>
          </reporter-output>
        </test-method> <!-- testGetEmployeesByHRAndManager -->
        <test-method is-config="true" signature="setUp()[pri:0, instance:test.ApplyPermissionDaoImplTest@4e096385]" started-at="2023-07-01T17:47:46 IST" name="setUp" finished-at="2023-07-01T17:47:46 IST" duration-ms="1" status="PASS">
          <reporter-output>
          </reporter-output>
        </test-method> <!-- setUp -->
        <test-method signature="testGetNextPermissionIndex()[pri:0, instance:test.ApplyPermissionDaoImplTest@4e096385]" started-at="2023-07-01T17:47:46 IST" name="testGetNextPermissionIndex" finished-at="2023-07-01T17:47:46 IST" duration-ms="30" status="PASS">
          <reporter-output>
          </reporter-output>
        </test-method> <!-- testGetNextPermissionIndex -->
        <test-method is-config="true" signature="setUp()[pri:0, instance:test.ApplyPermissionDaoImplTest@4e096385]" started-at="2023-07-01T17:47:46 IST" name="setUp" finished-at="2023-07-01T17:47:46 IST" duration-ms="1" status="PASS">
          <reporter-output>
          </reporter-output>
        </test-method> <!-- setUp -->
        <test-method signature="testGetPermissionByIdAndIndex()[pri:0, instance:test.ApplyPermissionDaoImplTest@4e096385]" started-at="2023-07-01T17:47:46 IST" name="testGetPermissionByIdAndIndex" finished-at="2023-07-01T17:47:46 IST" duration-ms="2" status="PASS">
          <reporter-output>
          </reporter-output>
        </test-method> <!-- testGetPermissionByIdAndIndex -->
        <test-method is-config="true" signature="setUp()[pri:0, instance:test.ApplyPermissionDaoImplTest@4e096385]" started-at="2023-07-01T17:47:46 IST" name="setUp" finished-at="2023-07-01T17:47:46 IST" duration-ms="1" status="PASS">
          <reporter-output>
          </reporter-output>
        </test-method> <!-- setUp -->
        <test-method signature="testGetPermissionByIdAndIndex_NoResult()[pri:0, instance:test.ApplyPermissionDaoImplTest@4e096385]" started-at="2023-07-01T17:47:46 IST" name="testGetPermissionByIdAndIndex_NoResult" finished-at="2023-07-01T17:47:46 IST" duration-ms="3" status="PASS">
          <reporter-output>
          </reporter-output>
        </test-method> <!-- testGetPermissionByIdAndIndex_NoResult -->
        <test-method signature="testPersist()[pri:0, instance:test.ApplyPermissionDaoImplTest@4e096385]" started-at="2023-07-01T17:47:46 IST" name="testPersist" finished-at="2023-07-01T17:47:46 IST" duration-ms="15" status="PASS">
          <reporter-output>
          </reporter-output>
        </test-method> <!-- testPersist -->
        <test-method is-config="true" signature="setUp()[pri:0, instance:test.ApplyPermissionDaoImplTest@4e096385]" started-at="2023-07-01T17:47:46 IST" name="setUp" finished-at="2023-07-01T17:47:46 IST" duration-ms="0" status="PASS">
          <reporter-output>
          </reporter-output>
        </test-method> <!-- setUp -->
      </class> <!-- test.ApplyPermissionDaoImplTest -->
    </test> <!-- Default test -->
  </suite> <!-- Default suite -->
</testng-results>
